<?xml version="1.0" encoding="UTF-8"?>
<!-- Generated by org.testng.reporters.JUnitReportReporter -->
<testsuite hostname="pcvceacad096" name="com.automation.tests.NewTest" tests="1" failures="0" timestamp="23 Jun 2017 07:12:44 GMT" time="31.400" errors="0">
  <testcase name="Test" time="31.400" classname="com.automation.tests.NewTest"/>
</testsuite> <!-- com.automation.tests.NewTest -->
